<?xml version="1.0" encoding="UTF-8"?>
<testsuite name="com.icon.score.AppTest" tests="2" skipped="0" failures="0" errors="0" timestamp="2022-10-11T05:42:59" hostname="meera" time="0.041">
  <properties/>
  <testcase name="appHasAName()" classname="com.icon.score.AppTest" time="0.018"/>
  <testcase name="appHasAGreeting()" classname="com.icon.score.AppTest" time="0.023"/>
  <system-out><![CDATA[]]></system-out>
  <system-err><![CDATA[]]></system-err>
</testsuite>
